# JRE version: Java(TM) SE Runtime Environment (8.0_162-b12) (build 1.8.0_162-b12)
# Java VM: Java HotSpot(TM) 64-Bit Server VM (25.162-b12 mixed mode windows-amd64 compressed oops)
Heap:
 PSYoungGen      total 142848K, used 77015K [0x00000000d6300000, 0x00000000e2280000, 0x0000000100000000)
  eden space 108032K, 47% used [0x00000000d6300000,0x00000000d94a1a08,0x00000000dcc80000)
  from space 34816K, 75% used [0x00000000dcc80000,0x00000000de614228,0x00000000dee80000)
  to   space 37376K, 0% used [0x00000000dfe00000,0x00000000dfe00000,0x00000000e2280000)
 ParOldGen       total 108032K, used 34281K [0x0000000082800000, 0x0000000089180000, 0x00000000d6300000)
  object space 108032K, 31% used [0x0000000082800000,0x000000008497a618,0x0000000089180000)
 Metaspace       used 51271K, capacity 53624K, committed 53800K, reserved 1095680K
  class space    used 6960K, capacity 7625K, committed 7720K, reserved 1048576K
GC Heap History (10 events):
Event: 55.526 GC heap before
{Heap before GC invocations=19 (full 2):
 PSYoungGen      total 104448K, used 104432K [0x00000000d6300000, 0x00000000ddf00000, 0x0000000100000000)
  eden space 89088K, 100% used [0x00000000d6300000,0x00000000dba00000,0x00000000dba00000)
  from space 15360K, 99% used [0x00000000dcc00000,0x00000000ddafc220,0x00000000ddb00000)
  to   space 18432K, 0% used [0x00000000dba00000,0x00000000dba00000,0x00000000dcc00000)
 ParOldGen       total 108032K, used 24222K [0x0000000082800000, 0x0000000089180000, 0x00000000d6300000)
  object space 108032K, 22% used [0x0000000082800000,0x0000000083fa7930,0x0000000089180000)
 Metaspace       used 48552K, capacity 50428K, committed 50728K, reserved 1093632K
  class space    used 6618K, capacity 7095K, committed 7208K, reserved 1048576K
Event: 55.610 GC heap after
Heap after GC invocations=19 (full 2):
 PSYoungGen      total 107520K, used 18400K [0x00000000d6300000, 0x00000000df200000, 0x0000000100000000)
  eden space 89088K, 0% used [0x00000000d6300000,0x00000000d6300000,0x00000000dba00000)
  from space 18432K, 99% used [0x00000000dba00000,0x00000000dcbf8210,0x00000000dcc00000)
  to   space 22016K, 0% used [0x00000000ddc80000,0x00000000ddc80000,0x00000000df200000)
 ParOldGen       total 108032K, used 25870K [0x0000000082800000, 0x0000000089180000, 0x00000000d6300000)
  object space 108032K, 23% used [0x0000000082800000,0x0000000084143960,0x0000000089180000)
 Metaspace       used 48552K, capacity 50428K, committed 50728K, reserved 1093632K
  class space    used 6618K, capacity 7095K, committed 7208K, reserved 1048576K
}
Event: 63.711 GC heap before
{Heap before GC invocations=20 (full 2):
 PSYoungGen      total 107520K, used 107488K [0x00000000d6300000, 0x00000000df200000, 0x0000000100000000)
  eden space 89088K, 100% used [0x00000000d6300000,0x00000000dba00000,0x00000000dba00000)
  from space 18432K, 99% used [0x00000000dba00000,0x00000000dcbf8210,0x00000000dcc00000)
  to   space 22016K, 0% used [0x00000000ddc80000,0x00000000ddc80000,0x00000000df200000)
 ParOldGen       total 108032K, used 25870K [0x0000000082800000, 0x0000000089180000, 0x00000000d6300000)
  object space 108032K, 23% used [0x0000000082800000,0x0000000084143960,0x0000000089180000)
 Metaspace       used 49105K, capacity 50970K, committed 51112K, reserved 1093632K
  class space    used 6692K, capacity 7217K, committed 7336K, reserved 1048576K
Event: 63.785 GC heap after
Heap after GC invocations=20 (full 2):
 PSYoungGen      total 120320K, used 21984K [0x00000000d6300000, 0x00000000dfa00000, 0x0000000100000000)
  eden space 98304K, 0% used [0x00000000d6300000,0x00000000d6300000,0x00000000dc300000)
  from space 22016K, 99% used [0x00000000ddc80000,0x00000000df1f8210,0x00000000df200000)
  to   space 26112K, 0% used [0x00000000dc300000,0x00000000dc300000,0x00000000ddc80000)
 ParOldGen       total 108032K, used 29263K [0x0000000082800000, 0x0000000089180000, 0x00000000d6300000)
  object space 108032K, 27% used [0x0000000082800000,0x0000000084493c80,0x0000000089180000)
 Metaspace       used 49105K, capacity 50970K, committed 51112K, reserved 1093632K
  class space    used 6692K, capacity 7217K, committed 7336K, reserved 1048576K
}
Event: 83.458 GC heap before
{Heap before GC invocations=21 (full 2):
 PSYoungGen      total 120320K, used 120288K [0x00000000d6300000, 0x00000000dfa00000, 0x0000000100000000)
  eden space 98304K, 100% used [0x00000000d6300000,0x00000000dc300000,0x00000000dc300000)
  from space 22016K, 99% used [0x00000000ddc80000,0x00000000df1f8210,0x00000000df200000)
  to   space 26112K, 0% used [0x00000000dc300000,0x00000000dc300000,0x00000000ddc80000)
 ParOldGen       total 108032K, used 29263K [0x0000000082800000, 0x0000000089180000, 0x00000000d6300000)
  object space 108032K, 27% used [0x0000000082800000,0x0000000084493c80,0x0000000089180000)
 Metaspace       used 50885K, capacity 53008K, committed 53160K, reserved 1095680K
  class space    used 6922K, capacity 7565K, committed 7592K, reserved 1048576K
Event: 83.488 GC heap after
Heap after GC invocations=21 (full 2):
 PSYoungGen      total 124416K, used 26080K [0x00000000d6300000, 0x00000000e0d80000, 0x0000000100000000)
  eden space 98304K, 0% used [0x00000000d6300000,0x00000000d6300000,0x00000000dc300000)
  from space 26112K, 99% used [0x00000000dc300000,0x00000000ddc78210,0x00000000ddc80000)
  to   space 31744K, 0% used [0x00000000dee80000,0x00000000dee80000,0x00000000e0d80000)
 ParOldGen       total 108032K, used 33001K [0x0000000082800000, 0x0000000089180000, 0x00000000d6300000)
  object space 108032K, 30% used [0x0000000082800000,0x000000008483a600,0x0000000089180000)
 Metaspace       used 50885K, capacity 53008K, committed 53160K, reserved 1095680K
  class space    used 6922K, capacity 7565K, committed 7592K, reserved 1048576K
}
Event: 100.608 GC heap before
{Heap before GC invocations=22 (full 2):
 PSYoungGen      total 124416K, used 124384K [0x00000000d6300000, 0x00000000e0d80000, 0x0000000100000000)
  eden space 98304K, 100% used [0x00000000d6300000,0x00000000dc300000,0x00000000dc300000)
  from space 26112K, 99% used [0x00000000dc300000,0x00000000ddc78210,0x00000000ddc80000)
  to   space 31744K, 0% used [0x00000000dee80000,0x00000000dee80000,0x00000000e0d80000)
 ParOldGen       total 108032K, used 33001K [0x0000000082800000, 0x0000000089180000, 0x00000000d6300000)
  object space 108032K, 30% used [0x0000000082800000,0x000000008483a600,0x0000000089180000)
 Metaspace       used 51036K, capacity 53244K, committed 53416K, reserved 1095680K
  class space    used 6936K, capacity 7583K, committed 7592K, reserved 1048576K
Event: 100.770 GC heap after
Heap after GC invocations=22 (full 2):
 PSYoungGen      total 139776K, used 27424K [0x00000000d6300000, 0x00000000e1400000, 0x0000000100000000)
  eden space 108032K, 0% used [0x00000000d6300000,0x00000000d6300000,0x00000000dcc80000)
  from space 31744K, 86% used [0x00000000dee80000,0x00000000e09481f8,0x00000000e0d80000)
  to   space 34816K, 0% used [0x00000000dcc80000,0x00000000dcc80000,0x00000000dee80000)
 ParOldGen       total 108032K, used 34273K [0x0000000082800000, 0x0000000089180000, 0x00000000d6300000)
  object space 108032K, 31% used [0x0000000082800000,0x0000000084978618,0x0000000089180000)
 Metaspace       used 51036K, capacity 53244K, committed 53416K, reserved 1095680K
  class space    used 6936K, capacity 7583K, committed 7592K, reserved 1048576K
}
Event: 119.841 GC heap before
{Heap before GC invocations=23 (full 2):
 PSYoungGen      total 139776K, used 135456K [0x00000000d6300000, 0x00000000e1400000, 0x0000000100000000)
  eden space 108032K, 100% used [0x00000000d6300000,0x00000000dcc80000,0x00000000dcc80000)
  from space 31744K, 86% used [0x00000000dee80000,0x00000000e09481f8,0x00000000e0d80000)
  to   space 34816K, 0% used [0x00000000dcc80000,0x00000000dcc80000,0x00000000dee80000)
 ParOldGen       total 108032K, used 34273K [0x0000000082800000, 0x0000000089180000, 0x00000000d6300000)
  object space 108032K, 31% used [0x0000000082800000,0x0000000084978618,0x0000000089180000)
 Metaspace       used 51224K, capacity 53552K, committed 53800K, reserved 1095680K
  class space    used 6959K, capacity 7623K, committed 7720K, reserved 1048576K
Event: 119.923 GC heap after
Heap after GC invocations=23 (full 2):
 PSYoungGen      total 142848K, used 26192K [0x00000000d6300000, 0x00000000e2280000, 0x0000000100000000)
  eden space 108032K, 0% used [0x00000000d6300000,0x00000000d6300000,0x00000000dcc80000)
  from space 34816K, 75% used [0x00000000dcc80000,0x00000000de614228,0x00000000dee80000)
  to   space 37376K, 0% used [0x00000000dfe00000,0x00000000dfe00000,0x00000000e2280000)
 ParOldGen       total 108032K, used 34281K [0x0000000082800000, 0x0000000089180000, 0x00000000d6300000)
  object space 108032K, 31% used [0x0000000082800000,0x000000008497a618,0x0000000089180000)
 Metaspace       used 51224K, capacity 53552K, committed 53800K, reserved 1095680K
  class space    used 6959K, capacity 7623K, committed 7720K, reserved 1048576K
}

